2020-12-04 02:26:14.243  INFO 15046 --- [main] lavalink.server.Launcher                 : 

[32m       .  [31m _                  _ _       _    [32m__ _ _
[32m      /\\ [31m| | __ ___   ____ _| (_)_ __ | | __[32m\ \ \ \
[32m     ( ( )[31m| |/ _` \ \ / / _` | | | '_ \| |/ /[32m \ \ \ \
[32m      \\/ [31m| | (_| |\ V / (_| | | | | | |   < [32m  ) ) ) )
[32m       '  [31m|_|\__,_| \_/ \__,_|_|_|_| |_|_|\_\[32m / / / /
[0m    =========================================[32m/_/_/_/[0m

	Version:        3.3.1.1
	Build:          1075
	Build time:     13.07.2020 09:09:23 UTC
	Branch          master
	Commit:         f6a1a2a
	Commit time:    13.07.2020 09:04:37 UTC
	JVM:            11.0.9.1
	Lavaplayer      1.3.50

2020-12-04 02:26:14.770  INFO 15046 --- [main] lavalink.server.Launcher                 : Starting Launcher on ubuntu-s-1vcpu-1gb-sgp1-01 with PID 15046 (/home/punuy/PunuyBOT/PunuyBot_v_1.0.5/lavalink/Lavalink.jar started by root in /home/punuy/PunuyBOT/PunuyBot_v_1.0.5/lavalink)
2020-12-04 02:26:14.775  INFO 15046 --- [main] lavalink.server.Launcher                 : No active profile set, falling back to default profiles: default
2020-12-04 02:26:15.270  WARN 15046 --- [background-preinit] o.s.h.c.j.Jackson2ObjectMapperBuilder    : For Jackson Kotlin classes support please add "com.fasterxml.jackson.module:jackson-module-kotlin" to the classpath
2020-12-04 02:26:25.247  INFO 15064 --- [main] lavalink.server.Launcher                 : 

[32m       .  [31m _                  _ _       _    [32m__ _ _
[32m      /\\ [31m| | __ ___   ____ _| (_)_ __ | | __[32m\ \ \ \
[32m     ( ( )[31m| |/ _` \ \ / / _` | | | '_ \| |/ /[32m \ \ \ \
[32m      \\/ [31m| | (_| |\ V / (_| | | | | | |   < [32m  ) ) ) )
[32m       '  [31m|_|\__,_| \_/ \__,_|_|_|_| |_|_|\_\[32m / / / /
[0m    =========================================[32m/_/_/_/[0m

	Version:        3.3.1.1
	Build:          1075
	Build time:     13.07.2020 09:09:23 UTC
	Branch          master
	Commit:         f6a1a2a
	Commit time:    13.07.2020 09:04:37 UTC
	JVM:            11.0.9.1
	Lavaplayer      1.3.50

2020-12-04 02:26:25.663  INFO 15064 --- [main] lavalink.server.Launcher                 : Starting Launcher on ubuntu-s-1vcpu-1gb-sgp1-01 with PID 15064 (/home/punuy/PunuyBOT/PunuyBot_v_1.0.5/lavalink/Lavalink.jar started by root in /home/punuy/PunuyBOT/PunuyBot_v_1.0.5/lavalink)
2020-12-04 02:26:25.667  INFO 15064 --- [main] lavalink.server.Launcher                 : No active profile set, falling back to default profiles: default
2020-12-04 02:26:26.095  WARN 15064 --- [background-preinit] o.s.h.c.j.Jackson2ObjectMapperBuilder    : For Jackson Kotlin classes support please add "com.fasterxml.jackson.module:jackson-module-kotlin" to the classpath
2020-12-04 02:26:29.599  WARN 15064 --- [main] io.undertow.websockets.jsr               : UT026010: Buffer pool was not set on WebSocketDeploymentInfo, the default pool will be used
2020-12-04 02:26:29.655  INFO 15064 --- [main] io.undertow.servlet                      : Initializing Spring embedded WebApplicationContext
2020-12-04 02:26:29.656  INFO 15064 --- [main] o.s.web.context.ContextLoader            : Root WebApplicationContext: initialization completed in 3774 ms
2020-12-04 02:26:30.621  WARN 15064 --- [main] l.server.config.SentryConfiguration      : Turning off sentry
2020-12-04 02:26:30.685  INFO 15064 --- [main] l.s.c.AudioSendFactoryConfiguration      : OS: Linux, Arch: amd64
2020-12-04 02:26:30.692  INFO 15064 --- [main] l.s.c.AudioSendFactoryConfiguration      : JDA-NAS supported system detected. Enabled native audio sending.
2020-12-04 02:26:30.692  INFO 15064 --- [main] l.s.c.AudioSendFactoryConfiguration      : Setting buffer to 400ms
2020-12-04 02:26:30.693  INFO 15064 --- [main] l.s.c.AudioSendFactoryConfiguration      : Setting playlist load limit to 6
2020-12-04 02:26:31.686  INFO 15064 --- [main] c.s.d.l.tools.GarbageCollectionMonitor   : GC monitoring enabled, reporting results every 2 minutes.
2020-12-04 02:26:33.072  INFO 15064 --- [main] o.s.s.concurrent.ThreadPoolTaskExecutor  : Initializing ExecutorService 'applicationTaskExecutor'
2020-12-04 02:26:34.219  INFO 15064 --- [main] org.xnio                                 : XNIO version 3.3.8.Final
2020-12-04 02:26:34.257  INFO 15064 --- [main] org.xnio.nio                             : XNIO NIO Implementation Version 3.3.8.Final
2020-12-04 02:26:34.462  INFO 15064 --- [main] o.s.b.w.e.u.UndertowServletWebServer     : Undertow started on port(s) 2333 (http) with context path ''
2020-12-04 02:26:34.482  INFO 15064 --- [main] lavalink.server.Launcher                 : Started Launcher in 11.32 seconds (JVM running for 12.793)
2020-12-04 02:26:43.711  INFO 15064 --- [Thread-1] o.s.s.concurrent.ThreadPoolTaskExecutor  : Shutting down ExecutorService 'applicationTaskExecutor'
2020-12-04 02:26:43.715  INFO 15064 --- [Thread-1] c.s.d.l.tools.GarbageCollectionMonitor   : GC monitoring disabled.
